warning: ignoring unsupported tag `OUTPUT_TEXT_DIRECTION  =' at line 102, file /home/travis/build/sgreene8/FRIES/docs/Doxyfile
warning: ignoring unsupported tag `JAVADOC_BANNER         =' at line 208, file /home/travis/build/sgreene8/FRIES/docs/Doxyfile
warning: ignoring unsupported tag `OPTIMIZE_OUTPUT_SLICE  =' at line 306, file /home/travis/build/sgreene8/FRIES/docs/Doxyfile
warning: ignoring unsupported tag `EXTRACT_PRIV_VIRTUAL   =' at line 482, file /home/travis/build/sgreene8/FRIES/docs/Doxyfile
warning: ignoring unsupported tag `CLANG_DATABASE_PATH    =' at line 1142, file /home/travis/build/sgreene8/FRIES/docs/Doxyfile
warning: ignoring unsupported tag `HTML_DYNAMIC_MENUS     =' at line 1307, file /home/travis/build/sgreene8/FRIES/docs/Doxyfile
warning: ignoring unsupported tag `LATEX_MAKEINDEX_CMD    =' at line 1772, file /home/travis/build/sgreene8/FRIES/docs/Doxyfile
warning: ignoring unsupported tag `LATEX_EMOJI_DIRECTORY  =' at line 1914, file /home/travis/build/sgreene8/FRIES/docs/Doxyfile
warning: ignoring unsupported tag `XML_NS_MEMB_FILE_SCOPE =' at line 2058, file /home/travis/build/sgreene8/FRIES/docs/Doxyfile
Searching for include files...
Searching for example files...
Searching for images...
Searching for dot files...
Searching for msc files...
Searching for dia files...
Searching for files to exclude
Searching INPUT for files to process...
Searching for files in directory /home/travis/build/sgreene8/FRIES/docs
Searching for files in directory /home/travis/build/sgreene8/FRIES/FRIES
Searching for files in directory /home/travis/build/sgreene8/FRIES/FRIES/Ext_Libs
Searching for files in directory /home/travis/build/sgreene8/FRIES/FRIES/Ext_Libs/cnpy
Searching for files in directory /home/travis/build/sgreene8/FRIES/FRIES/Hamiltonians
Searching for files in directory /home/travis/build/sgreene8/FRIES/FRIES_bin
Reading and parsing tag files
Parsing files
Preprocessing /home/travis/build/sgreene8/FRIES/docs/installation.dox...
Parsing file /home/travis/build/sgreene8/FRIES/docs/installation.dox...
Preprocessing /home/travis/build/sgreene8/FRIES/docs/mainpage.dox...
Parsing file /home/travis/build/sgreene8/FRIES/docs/mainpage.dox...
Preprocessing /home/travis/build/sgreene8/FRIES/docs/running.dox...
Parsing file /home/travis/build/sgreene8/FRIES/docs/running.dox...
Preprocessing /home/travis/build/sgreene8/FRIES/FRIES/compress_utils.cpp...
Parsing file /home/travis/build/sgreene8/FRIES/FRIES/compress_utils.cpp...
Preprocessing /home/travis/build/sgreene8/FRIES/FRIES/compress_utils.hpp...
Parsing file /home/travis/build/sgreene8/FRIES/FRIES/compress_utils.hpp...
Preprocessing /home/travis/build/sgreene8/FRIES/FRIES/det_hash.hpp...
Parsing file /home/travis/build/sgreene8/FRIES/FRIES/det_hash.hpp...
Preprocessing /home/travis/build/sgreene8/FRIES/FRIES/det_store.c...
Parsing file /home/travis/build/sgreene8/FRIES/FRIES/det_store.c...
Preprocessing /home/travis/build/sgreene8/FRIES/FRIES/det_store.h...
Parsing file /home/travis/build/sgreene8/FRIES/FRIES/det_store.h...
Preprocessing /home/travis/build/sgreene8/FRIES/FRIES/Ext_Libs/argparse.hpp...
Parsing file /home/travis/build/sgreene8/FRIES/FRIES/Ext_Libs/argparse.hpp...
Preprocessing /home/travis/build/sgreene8/FRIES/FRIES/Ext_Libs/cnpy/cnpy.cpp...
Parsing file /home/travis/build/sgreene8/FRIES/FRIES/Ext_Libs/cnpy/cnpy.cpp...
Preprocessing /home/travis/build/sgreene8/FRIES/FRIES/Ext_Libs/cnpy/cnpy.h...
Parsing file /home/travis/build/sgreene8/FRIES/FRIES/Ext_Libs/cnpy/cnpy.h...
Reading /home/travis/build/sgreene8/FRIES/FRIES/Ext_Libs/cnpy/README.md...
Preprocessing /home/travis/build/sgreene8/FRIES/FRIES/fci_utils.c...
Parsing file /home/travis/build/sgreene8/FRIES/FRIES/fci_utils.c...
Preprocessing /home/travis/build/sgreene8/FRIES/FRIES/fci_utils.h...
Parsing file /home/travis/build/sgreene8/FRIES/FRIES/fci_utils.h...
Preprocessing /home/travis/build/sgreene8/FRIES/FRIES/Hamiltonians/heat_bathPP.cpp...
Parsing file /home/travis/build/sgreene8/FRIES/FRIES/Hamiltonians/heat_bathPP.cpp...
Preprocessing /home/travis/build/sgreene8/FRIES/FRIES/Hamiltonians/heat_bathPP.hpp...
Parsing file /home/travis/build/sgreene8/FRIES/FRIES/Hamiltonians/heat_bathPP.hpp...
Preprocessing /home/travis/build/sgreene8/FRIES/FRIES/Hamiltonians/hub_holstein.cpp...
Parsing file /home/travis/build/sgreene8/FRIES/FRIES/Hamiltonians/hub_holstein.cpp...
Preprocessing /home/travis/build/sgreene8/FRIES/FRIES/Hamiltonians/hub_holstein.hpp...
Parsing file /home/travis/build/sgreene8/FRIES/FRIES/Hamiltonians/hub_holstein.hpp...
Preprocessing /home/travis/build/sgreene8/FRIES/FRIES/Hamiltonians/molecule.cpp...
Parsing file /home/travis/build/sgreene8/FRIES/FRIES/Hamiltonians/molecule.cpp...
Preprocessing /home/travis/build/sgreene8/FRIES/FRIES/Hamiltonians/molecule.hpp...
Parsing file /home/travis/build/sgreene8/FRIES/FRIES/Hamiltonians/molecule.hpp...
Preprocessing /home/travis/build/sgreene8/FRIES/FRIES/Hamiltonians/near_uniform.cpp...
Parsing file /home/travis/build/sgreene8/FRIES/FRIES/Hamiltonians/near_uniform.cpp...
Preprocessing /home/travis/build/sgreene8/FRIES/FRIES/Hamiltonians/near_uniform.hpp...
Parsing file /home/travis/build/sgreene8/FRIES/FRIES/Hamiltonians/near_uniform.hpp...
Preprocessing /home/t/home/travis/build/sgreene8/FRIES/FRIES/det_hash.hpp:1: warning: the name `Class' supplied as the second argument in the \file statement is not an input file
/home/travis/build/sgreene8/FRIES/FRIES/hh_vec.hpp:1: warning: the name `Class' supplied as the second argument in the \file statement is not an input file
/home/travis/build/sgreene8/FRIES/FRIES/ndarr.hpp:1: warning: the name `C++' supplied as the second argument in the \file statement is not an input file
/home/travis/build/sgreene8/FRIES/FRIES/Ext_Libs/argparse.hpp:47: warning: Compound std::optional is not documented.
/home/travis/build/sgreene8/FRIES/FRIES/ndarr.hpp:271: warning: Compound Matrix< bool >::RowReference is not documented.
/home/travis/build/sgreene8/FRIES/FRIES/Ext_Libs/argparse.hpp:212: warning: Compound argparse::Args is not documented.
/home/travis/build/sgreene8/FRIES/FRIES/hh_vec.hpp:11: warning: Compound HubHolVec is not documented.
/home/travis/build/sgreene8/FRIES/FRIES/Ext_Libs/argparse.hpp:138: warning: Compound argparse::Entry is not documented.
/home/travis/build/sgreene8/FRIES/FRIES/ndarr.hpp:206: warning: Compound Matrix< bool > is not documented.
/home/travis/build/sgreene8/FRIES/FRIES/Ext_Libs/cnpy/cnpy.h:24: warning: Compound cnpy::NpyArray is not documented.
/home/travis/build/sgreene8/FRIES/FRIES_bin/subspfull_mol.cpp:17: warning: Compound MyArgs is not documented.
/home/travis/build/sgreene8/FRIES/FRIES_bin/subsp_mol.cpp:19: warning: Compound MyArgs is not documented.
/home/travis/build/sgreene8/FRIES/FRIES_bin/observables_mol.cpp:13: warning: Compound MyArgs is not documented.
/home/travis/build/sgreene8/FRIES/FRIES_bin/obs_repl_mol.cpp:13: warning: Compound MyArgs is not documented.
/home/travis/build/sgreene8/FRIES/FRIES_bin/frisys_mol.cpp:16: warning: Compound MyArgs is not documented.
/home/travis/build/sgreene8/FRIES/FRIES_bin/frisys_hh.cpp:14: warning: Compound MyArgs is not documented.
/home/travis/build/sgreene8/FRIES/FRIES_bin/frimulti_mol.cpp:16: warning: Compound MyArgs is not documented.
/home/travis/build/sgreene8/FRIES/FRIES_bin/frifull_mol.cpp:14: warning: Compound MyArgs is not documented.
/home/travis/build/sgreene8/FRIES/FRIES_bin/frifull_hh.cpp:18: warning: Compound MyArgs is not documented.
/home/travis/build/sgreene8/FRIES/FRIES_bin/fciqmc_mol.cpp:22: warning: Compound MyArgs is not documented.
/home/travis/build/sgreene8/FRIES/FRIES_bin/fciqmc_fp_mol.cpp:28: warning: Compound MyArgs is not documented.
/home/travis/build/sgreene8/FRIES/FRIES/ndarr.hpp:18: warning: Compound Matrix::RowReference is not documented.
ravis/build/sgreene8/FRIES/FRIES/hh_vec.hpp...
Parsing file /home/travis/build/sgreene8/FRIES/FRIES/hh_vec.hpp...
Preprocessing /home/travis/build/sgreene8/FRIES/FRIES/io_utils.cpp...
Parsing file /home/travis/build/sgreene8/FRIES/FRIES/io_utils.cpp...
Preprocessing /home/travis/build/sgreene8/FRIES/FRIES/io_utils.hpp...
Parsing file /home/travis/build/sgreene8/FRIES/FRIES/io_utils.hpp...
Preprocessing /home/travis/build/sgreene8/FRIES/FRIES/math_utils.c...
Parsing file /home/travis/build/sgreene8/FRIES/FRIES/math_utils.c...
Preprocessing /home/travis/build/sgreene8/FRIES/FRIES/math_utils.h...
Parsing file /home/travis/build/sgreene8/FRIES/FRIES/math_utils.h...
Preprocessing /home/travis/build/sgreene8/FRIES/FRIES/mpi_switch.h...
Parsing file /home/travis/build/sgreene8/FRIES/FRIES/mpi_switch.h...
Preprocessing /home/travis/build/sgreene8/FRIES/FRIES/ndarr.hpp...
Parsing file /home/travis/build/sgreene8/FRIES/FRIES/ndarr.hpp...
Preprocessing /home/travis/build/sgreene8/FRIES/FRIES/vec_utils.cpp...
Parsing file /home/travis/build/sgreene8/FRIES/FRIES/vec_utils.cpp...
Preprocessing /home/travis/build/sgreene8/FRIES/FRIES/vec_utils.hpp...
Parsing file /home/travis/build/sgreene8/FRIES/FRIES/vec_utils.hpp...
Preprocessing /home/travis/build/sgreene8/FRIES/FRIES_bin/fciqmc_fp_mol.cpp...
Parsing file /home/travis/build/sgreene8/FRIES/FRIES_bin/fciqmc_fp_mol.cpp...
Preprocessing /home/travis/build/sgreene8/FRIES/FRIES_bin/fciqmc_mol.cpp...
Parsing file /home/travis/build/sgreene8/FRIES/FRIES_bin/fciqmc_mol.cpp...
Preprocessing /home/travis/build/sgreene8/FRIES/FRIES_bin/frifull_hh.cpp...
Parsing file /home/travis/build/sgreene8/FRIES/FRIES_bin/frifull_hh.cpp...
Preprocessing /home/travis/build/sgreene8/FRIES/FRIES_bin/frifull_mol.cpp...
Parsing file /home/travis/build/sgreene8/FRIES/FRIES_bin/frifull_mol.cpp...
Preprocessing /home/travis/build/sgreene8/FRIES/FRIES_bin/frimulti_mol.cpp...
Parsing file /home/travis/build/sgreene8/FRIES/FRIES_bin/frimulti_mol.cpp...
Preprocessing /home/travis/build/sgreene8/FRIES/FRIES_bin/frisys_hh.cpp...
Parsing file /home/travis/build/sgreene8/FRIES/FRIES_bin/frisys_hh.cpp...
Preprocessing /home/travis/build/sgreene8/FRIES/FRIES_bin/frisys_mol.cpp...
Parsing file /home/travis/build/sgreene8/FRIES/FRIES_bin/frisys_mol.cpp...
Preprocessing /home/travis/build/sgreene8/FRIES/FRIES_bin/obs_repl_mol.cpp...
Parsing file /home/travis/build/sgreene8/FRIES/FRIES_bin/obs_repl_mol.cpp...
Preprocessing /home/travis/build/sgreene8/FRIES/FRIES_bin/observables_mol.cpp...
Parsing file /home/travis/build/sgreene8/FRIES/FRIES_bin/observables_mol.cpp...
Preprocessing /home/travis/build/sgreene8/FRIES/FRIES_bin/subsp_mol.cpp...
Parsing file /home/travis/build/sgreene8/FRIES/FRIES_bin/subsp_mol.cpp...
Preprocessing /home/travis/build/sgreene8/FRIES/FRIES_bin/subspfull_mol.cpp...
Parsing file /home/travis/build/sgreene8/FRIES/FRIES_bin/subspfull_mol.cpp...
Building group list...
Building directory list...
Building namespace list...
Building file list...
Building class list...
Associating documentation with classes...
Computing nesting relations for classes...
Building example list...
Searching for enumerations...
Searching for documented typedefs...
Searching for members imported via using declarations...
Searching for included using directives...
Searching for documented variables...
Building interface member list...
Building member list...
Searching for friends...
Searching for documented defines...
Computing class inheritance relations...
Computing class usage relations...
Flushing cached template relations that have become invalid...
Computing class relations...
Add enum values to enums...
Searching for member function documentation...
Creating members for template instances...
Building page list...
Search for main page...
Computing page relations...
Determining the scope of groups...
Sorting lists...
Freeing entry tree
Determining which enums are documented
Computing member relations...
Building full member lists recursively...
Adding members to member groups.
Computing member references...
Inheriting documentat/home/travis/build/sgreene8/FRIES/FRIES/Hamiltonians/molecule.hpp:106: warning: Found unknown command `\dagger_p'
/home/travis/build/sgreene8/FRIES/FRIES/compress_utils.cpp:282: warning: Member sys_comp(double *vec_vals, size_t vec_len, double *loc_norms, unsigned int n_samp, std::vector< bool > &keep_exact, double rand_num, MPI_Comm comm) (function) of file compress_utils.cpp is not documented.
/home/travis/build/sgreene8/FRIES/FRIES/compress_utils.cpp:565: warning: Member piv_budget(double *loc_norms, uint32_t n_samp, std::mt19937 &mt_obj, MPI_Comm comm) (function) of file compress_utils.cpp is not documented.
/home/travis/build/sgreene8/FRIES/FRIES/compress_utils.cpp:696: warning: Member adjust_shift2(double *shift, double one_norm, double *last_norm, double damp_factor) (function) of file compress_utils.cpp is not documented.
/home/travis/build/sgreene8/FRIES/FRIES/compress_utils.hpp:54: warning: Member find_preserve(double *values, std::vector< size_t > &srt_idx, std::vector< bool > &keep_idx, size_t count, unsigned int *n_samp, double *global_norm, MPI_Comm comm) (function) of file compress_utils.hpp is not documented.
/home/travis/build/sgreene8/FRIES/FRIES/compress_utils.hpp:74: warning: Member sys_comp(double *vec_vals, size_t vec_len, double *loc_norms, unsigned int n_samp, std::vector< bool > &keep_exact, double rand_num, MPI_Comm comm) (function) of file compress_utils.hpp is not documented.
/home/travis/build/sgreene8/FRIES/FRIES/compress_utils.hpp:150: warning: Member piv_budget(double *loc_norms, uint32_t n_samp, std::mt19937 &mt_obj, MPI_Comm comm) (function) of file compress_utils.hpp is not documented.
/home/travis/build/sgreene8/FRIES/FRIES/compress_utils.hpp:191: warning: Member sum_mpi(double local, int my_rank, int n_procs) (function) of file compress_utils.hpp is not documented.
/home/travis/build/sgreene8/FRIES/FRIES/compress_utils.hpp:376: warning: Member adjust_shift2(double *shift, double one_norm, double *last_norm, double damp_factor) (function) of file compress_utils.hpp is not documented.
/home/travis/build/sgreene8/FRIES/FRIES/compress_utils.hpp:179: warning: The following parameters of sum_mpi(double local, int my_rank, int n_procs, MPI_Comm comm) are not documented:
  parameter 'comm'
/home/travis/build/sgreene8/FRIES/FRIES/fci_utils.c:99: warning: Member sing_ex_orbs(uint8_t *restrict curr_orbs, uint8_t *restrict new_orbs, uint8_t *ex_orbs, uint8_t n_elec) (function) of file fci_utils.c is not documented.
/home/travis/build/sgreene8/FRIES/FRIES/fci_utils.c:153: warning: The following parameters of find_excitation(const uint8_t *str1, const uint8_t *str2, uint8_t *orbs, uint8_t n_bytes) are not documented:
  parameter 'n_bytes'
/home/travis/build/sgreene8/FRIES/FRIES/fci_utils.h:135: warning: The following parameters of find_excitation(const uint8_t *str1, const uint8_t *str2, uint8_t *orbs, uint8_t n_bytes) are not documented:
  parameter 'n_bytes'
/home/travis/build/sgreene8/FRIES/FRIES/Hamiltonians/heat_bathPP.cpp:14: warning: Member TRI_N(n) (macro definition) of file heat_bathPP.cpp is not documented.
/home/travis/build/sgreene8/FRIES/FRIES/Hamiltonians/heat_bathPP.cpp:15: warning: Member I_J_TO_TRI(i, j) (macro definition) of file heat_bathPP.cpp is not documented.
/home/travis/build/sgreene8/FRIES/FRIES/Hamiltonians/heat_bathPP.cpp:901: warning: Member collapse_long_(std::vector< double > &short_vec, std::vector< double > &long_vec, size_t short_len, size_t long_len, std::vector< bool > &keep_vec, std::vector< uint16_t > &group_sizes, std::function< void(size_t, size_t, size_t)> transfer_fxn) (function) of file heat_bathPP.cpp is not documented.
/home/travis/build/sgreene8/FRIES/FRIES/Hamiltonians/heat_bathPP.cpp:921: warning: Member apply_HBPP_piv(Matrix< uint8_t > &all_orbs, Matrix< uint8_t > &all_dets, HBCompressPiv *comp_scratch, hb_info *hb_probs, SymmInfo *symm, double p_doub, bool new_hb, std::mt19937 &mt_obj, uint32_t n_samp, bool time_reversal) (function) of file heat_bathPP.cpp is not documented.
/home/travis/build/sgreene8/FRIES/FRIES/Hamiltonians/heat_bathPP.hpp:327: warning: Member apply_HBPP_piv(Matrix< uint8_t > &all_orbs, Matrix< uint8_t > &all_dets, HBCompressPiv *comp_scratch, hb_info *hb_probs, SymmInfo *symm, double p_doub, bool new_hb, std::mt19937 &mt_obj, uint32_t n_samp, bool time_reversal) (function) of file heat_bathPP.hpp is not documented.
/home/travis/build/sgreene8/FRIES/FRIES/Hamiltonians/hub_holstein.cpp:10: warning: Member hub_multin(unsigned int n_elec, const uint8_t *neighbors, unsigned int num_sampl, std::mt19937 &mt_obj, uint8_t(*chosen_orbs)[2]) (function) of file hub_holstein.cpp is not documented.
/home/travis/build/sgreene8/FRIES/FRIES/Hamiltonians/hub_holstein.cpp:83: warning: Member hub_all(unsigned int n_elec, uint8_t *neighbors, uint8_t(*chosen_orbs)[2]) (function) of file hub_holstein.cpp is not documented.
/home/travis/build/sgreene8/FRIES/FRIES/Hamiltonians/molecule.hpp:106: warning: Found unknown command `\dagger_p'
/home/travis/build/sgreene8/FRIES/FRIES/Hamiltonians/molecule.hpp:106: warning: Found unknown command `\dagger_p'
/home/travis/build/sgreene8/FRIES/FRIES/Hamiltonians/molecule.hpp:106: warning: Found unknown command `\dagger_p'
/home/travis/build/sgreene8/FRIES/FRIES/Hamiltonians/molecule.hpp:106: warning: Found unknown command `\dagger_p'
/home/travis/build/sgreene8/FRIES/FRIES/Hamiltonians/near_uniform.cpp:41: warning: Member _choose_uint(std::mt19937 &mt_obj, unsigned int nmax) (function) of file near_uniform.cpp is not documented.
/home/travis/build/sgreene8/FRIES/FRIES/Hamiltonians/near_uniform.cpp:46: warning: Member _tri_to_occ_pair(uint8_t *occ_orbs, unsigned int num_elec, unsigned int tri_idx) (function) of file near_uniform.cpp is not documented.
/home/travis/build/sgreene8/FRIES/FRIES/Hamiltonians/near_uniform.cpp:59: warning: Member _choose_occ_pair(uint8_t *occ_orbs, unsigned int num_elec, std::mt19937 &mt_obj) (function) of file near_uniform.cpp is not documented.
/home/travis/build/sgreene8/FRIES/FRIES/Hamiltonians/near_uniform.cpp:65: warning: Member _count_doub_virt(orb_pair occ, uint8_t *orb_irreps, unsigned int n_orb, unsigned int num_elec, unsigned int virt_counts[][2]) (function) of file near_uniform.cpp is not documented.
/home/travis/build/sgreene8/FRIES/FRIES/Hamiltonians/near_uniform.cpp:91: warning: Member _doub_choose_virt1(orb_pair occ, uint8_t *det, uint8_t *irreps, unsigned int n_orb, unsigned int virt_counts[][2], unsigned int num_allowed, std::mt19937 &mt_obj) (function) of file near_uniform.cpp is not documented.
/home/travis/build/sgreene8/FRIES/FRIES/Hamiltonians/near_uniform.cpp:173: warning: Member _doub_choose_virt2(unsigned int spin_shift, uint8_t *det, const uint8_t *symm_row, unsigned int virt1, unsigned int n_allow, std::mt19937 &mt_obj) (function) of file near_uniform.cpp is not documented.
/home/travis/build/sgreene8/FRIES/FRIES/Hamiltonians/near_uniform.cpp:248: warning: Member _sing_choose_occ(unsigned int *counts, unsigned int n_elec, std::mt19937 &mt_obj) (function) of file near_uniform.cpp is not documented.
/home/travis/build/sgreene8/FRIES/FRIES/Hamiltonians/near_uniform.cpp:260: warning: Member _sing_choose_virt(uint8_t *det, const uint8_t *symm_row, unsigned int spin_shift, std::mt19937 &mt_obj) (function) of file near_uniform.cpp is not documented.
/home/travis/build/sgreene8/FRIES/FRIES/Hamiltonians/near_uniform.hpp:123: warning: Found unknown command `\Gamma_i'
/home/travis/build/sgreene8/FRIES/FRIES/Hamiltonians/near_uniform.hpp:123: warning: Found unknown command `\Gamma_a'
/home/travis/build/sgreene8/FRIES/FRIES/Hamiltonians/near_uniform.hpp:145: warning: Found unknown command `\Gamma_i'
/home/travis/build/sgreene8/FRIES/FRIES/Hamiltonians/near_uniform.hpp:145: warning: Found unknown command `\Gamma_a'
/home/travis/build/sgreene8/FRIES/FRIES/Hamiltonians/near_uniform.hpp:123: warning: Found unknown command `\Gamma_i'
/home/travis/build/sgreene8/FRIES/FRIES/Hamiltonians/near_uniform.hpp:123: warning: Found unknown command `\Gamma_a'
/home/travis/build/sgreene8/FRIES/FRIES/Hamiltonians/near_uniform.hpp:145: warning: Found unknown command `\Gamma_i'
/home/travis/build/sgreene8/FRIES/FRIES/Hamiltonians/near_uniform.hpp:145: warning: Found unknown command `\Gamma_a'
/home/travis/build/sgreene8/FRIES/FRIES/io_utils.cpp:8: warning: Member read_csv_line(std::ifstream &file, double *data) (function) of file io_utils.cpp is not documented.
/home/travis/build/sgreene8/FRIES/FRIES/io_utils.cpp:25: warning: Member read_csv_line(std::ifstream &file, uint8_t *data) (function) of file io_utils.cpp is not documented.
/home/travis/build/sgreene8/FRIES/FRIES/io_utils.cpp:43: warning: Member read_csv_line(std::ifstream &file, int *data) (function) of file io_utils.cpp is not documented.
/home/travis/build/sgreene8/FRIES/FRIES/io_utils.cpp:71: warning: Member read_csv(uint8_t *data, const std::string &fname) (function) of file io_utils.cpp is not documented.
/home/travis/build/sgreene8/FRIES/FRIES/io_utils.cpp:83: warning: Member read_csv(int *data, const std::string &fname) (function) of file io_utils.cpp is not documented.
/home/travis/build/sgreene8/FRIES/FRIES/io_utils.cpp:313: warning: Member load_vec_txt(const std::string &prefix, Matrix< uint8_t > &dets, double *vals) (function) of file io_utils.cpp is not documented.
/home/travis/build/sgreene8/FRIES/FRIES/io_utils.cpp:375: warning: The following parameters of save_proc_hash(const std::string &path, unsigned int *proc_hash, size_t n_hash) are not documented:
  parameter 'n_hash'
/home/travis/build/sgreene8/FRIES/FRIES/io_utils.hpp:27: warning: Member read_csv(uint8_t *data, const std::string &fname) (function) of file io_utils.hpp is not documented.
/home/travis/build/sgreene8/FRIES/FRIES/io_utils.hpp:28: warning: Member read_csv(int *data, const std::string &fname) (function) of file io_utils.hpp is not documented.
/home/travis/build/sgreene8/FRIES/FRIES/io_utils.hpp:104: warning: Member load_vec_txt(const std::string &prefix, Matrix< uint8_t > &dets, double *vals) (function) of file io_utils.hpp is not documented.
/home/travis/build/sgreene8/FRIES/FRIES/io_utils.hpp:128: warning: The following parameters of save_proc_hash(const std::string &path, unsigned int *proc_hash, size_t n_hash) are not documented:
  parameter 'n_hash'
/home/travis/build/sgreene8/FRIES/FRIES/math_utils.c:145: warning: Member new_sorted(uint8_t *restrict orig_list, uint8_t *restrict new_list, uint8_t length, uint8_t del_idx, uint8_t new_el) (function) of file math_utils.c is not documented.
/home/travis/build/sgreene8/FRIES/FRIES/math_utils.h:13: warning: Member CEILING(x, y) (macro definition) of file math_utils.h is not documented.
/home/travis/build/sgreene8/FRIES/FRIES/math_utils.h:14: warning: Member SIGN(x) (macro definition) of file math_utils.h is not documented.
/home/travis/build/sgreene8/FRIES/FRIES/math_utils.h:23: warning: Member dtype (enumeration) of file math_utils.h is not documented.
/home/travis/build/sgreene8/FRIES/FRIES/vec_utils.cpp:10: warning: Member compress_vecs(DistVec< double > &vectors, size_t start_idx, size_t end_idx, unsigned int compress_size, std::vector< size_t > &srt_scratch, std::vector< bool > &keep_scratch, std::vector< bool > &del_arr, std::mt19937 &rn_gen) (function) of file vec_utils.cpp is not documented.
/home/travis/build/sgreene8/FRIES/FRIES/vec_utils.hpp:23: warning: Member mpi_atoav(double *sendv, int *send_cts, int *disps, double *recvv, int *recv_cts) (function) of file vec_utils.hpp is not documented.
/home/travis/build/sgreene8/FRIES/FRIES/vec_utils.hpp:28: warning: Member mpi_atoav(int *sendv, int *send_cts, int *disps, int *recvv, int *recv_cts) (function) of file vec_utils.hpp is not documented.
/home/travis/build/sgreene8/FRIES/FRIES/vec_utils.hpp:33: warning: Member mpi_allgathv_inplace(int *arr, int *nums, int *disps) (function) of file vec_utils.hpp is not documented.
/home/travis/build/sgreene8/FRIES/FRIES/vec_utils.hpp:38: warning: Member mpi_allgathv_inplace(double *arr, int *nums, int *disps) (function) of file vec_utils.hpp is not documented.
/home/travis/build/sgreene8/FRIES/FRIES/vec_utils.hpp:996: warning: Member compress_vecs(DistVec< double > &vectors, size_t start_idx, size_t end_idx, unsigned int compress_size, std::vector< size_t > &srt_scratch, std::vector< bool > &keep_scratch, std::vector< bool > &del_arr, std::mt19937 &rn_gen) (function) of file vec_utils.hpp is not documented.
/home/travis/build/sgreene8/FRIES/FRIES_bin/fciqmc_fp_mol.cpp:43: warning: Member main(int argc, char *argv[]) (function) of file fciqmc_fp_mol.cpp is not documented.
/home/travis/build/sgreene8/FRIES/FRIES_bin/fciqmc_mol.cpp:37: warning: Member main(int argc, char *argv[]) (function) of file fciqmc_mol.cpp is not documented.
/home/travis/build/sgreene8/FRIES/FRIES_bin/frifull_hh.cpp:31: warning: Member main(int argc, char *argv[]) (function) of file frifull_hh.cpp is not documented.
ion...
Generating disk names...
Adding source references...
Adding xrefitems...
Sorting member lists...
Computing dependencies between directories...
Generating citations page...
Counting data structures...
Resolving user defined references...
Finding anchors and sections in the documentation...
Transferring function references...
Combining using relations...
Adding members to index pages...
Generating style sheet...
Generating search indices...
Generating example documentation...
Generating file sources...
Generating code for file /home/travis/build/sgreene8/FRIES/FRIES/compress_utils.hpp...
Generating code for file /home/travis/build/sgreene8/FRIES/FRIES/det_hash.hpp...
Generating code for file /home/travis/build/sgreene8/FRIES/FRIES/det_store.h...
Generating code for file /home/travis/build/sgreene8/FRIES/FRIES/Ext_Libs/argparse.hpp...
Generating code for file /home/travis/build/sgreene8/FRIES/FRIES/Ext_Libs/cnpy/cnpy.h...
Generating code for file /home/travis/build/sgreene8/FRIES/FRIES/fci_utils.h...
Generating code for file /home/travis/build/sgreene8/FRIES/FRIES/Hamiltonians/heat_bathPP.hpp...
Generating code for file /home/travis/build/sgreene8/FRIES/FRIES/Hamiltonians/hub_holstein.hpp...
Generating code for file /home/travis/build/sgreene8/FRIES/FRIES/Hamiltonians/molecule.hpp...
Generating code for file /home/travis/build/sgreene8/FRIES/FRIES/Hamiltonians/near_uniform.hpp...
Generating code for file /home/travis/build/sgreene8/FRIES/FRIES/hh_vec.hpp...
Generating code for file /home/travis/build/sgreene8/FRIES/FRIES/io_utils.hpp...
Generating code for file /home/travis/build/sgreene8/FRIES/FRIES/math_utils.h...
Generating code for file /home/travis/build/sgreene8/FRIES/FRIES/mpi_switch.h...
Generating code for file /home/travis/build/sgreene8/FRIES/FRIES/ndarr.hpp...
Generating code for file /home/travis/build/sgreene8/FRIES/FRIES/vec_utils.hpp...
Generating file documentation...
Generating docs for file /home/travis/build/sgreene8/FRIES/FRIES/compress_utils.cpp...
Generating docs for file /home/travis/build/sgreene8/FRIES/FRIES/compress_utils.hpp...
Generating docs for file /home/travis/build/sgreene8/FRIES/FRIES/det_store.c...
Generating docs for file /home/travis/build/sgreene8/FRIES/FRIES/det_store.h...
Generating docs for file /home/travis/build/sgreene8/FRIES/FRIES/fci_utils.c...
Generating docs for file /home/travis/build/sgreene8/FRIES/FRIES/fci_utils.h...
Generating docs for file /home/travis/build/sgreene8/FRIES/FRIES/Hamiltonians/heat_bathPP.cpp...
Generating docs for file /home/travis/build/sgreene8/FRIES/FRIES/Hamiltonians/heat_bathPP.hpp...
Generating docs for file /home/travis/build/sgreene8/FRIES/FRIES/Hamiltonians/hub_holstein.cpp...
Generating docs for file /home/travis/build/sgreene8/FRIES/FRIES/Hamiltonians/hub_holstein.hpp...
Generating docs for file /home/travis/build/sgreene8/FRIES/FRIES/Hamiltonians/molecule.cpp...
Generating docs for file /home/travis/build/sgreene8/FRIES/FRIES/Hamiltonians/molecule.hpp...
Generating docs for file /home/travis/build/sgreene8/FRIES/FRIES/Hamiltonians/near_uniform.cpp...
Generating docs for file /home/travis/build/sgreene8/FRIES/FRIES/Hamiltonians/near_uniform.hpp...
Generating docs for file /home/travis/build/sgreene8/FRIES/FRIES/io_utils.cpp...
Generating docs for file /home/travis/build/sgreene8/FRIES/FRIES/io_utils.hpp...
Generating docs for file /home/travis/build/sgreene8/FRIES/FRIES/math_utils.c...
Generating docs for file /home/travis/build/sgreene8/FRIES/FRIES/math_utils.h...
Generating docs for file /home/travis/build/sgreene8/FRIES/FRIES/mpi_switch.h...
Generating docs for file /home/travis/build/sgreene8/FRIES/FRIES/vec_utils.cpp...
Generating docs for file /home/travis/build/sgreene8/FRIES/FRIES/vec_utils.hpp...
Generating docs for file /home/travis/build/sgreene8/FRIES/FRIES_bin/fciqmc_fp_mol.cpp...
Generating docs for file /home/travis/build/sgreene8/FRIES/FRIES_bin/fciqmc_mol.cpp...
Generating docs for file /home/travis/build/sgreene8/FRIES/FRIES_bin/frifull_hh.cpp...
Generating docs for file /home/travis/build/sgreene8/FRIES/FRIES_bin/frif/home/travis/build/sgreene8/FRIES/FRIES_bin/frifull_mol.cpp:28: warning: Member main(int argc, char *argv[]) (function) of file frifull_mol.cpp is not documented.
/home/travis/build/sgreene8/FRIES/FRIES_bin/frimulti_mol.cpp:36: warning: Member main(int argc, char *argv[]) (function) of file frimulti_mol.cpp is not documented.
/home/travis/build/sgreene8/FRIES/FRIES_bin/frisys_hh.cpp:27: warning: Member main(int argc, char *argv[]) (function) of file frisys_hh.cpp is not documented.
/home/travis/build/sgreene8/FRIES/FRIES_bin/frisys_mol.cpp:34: warning: Member main(int argc, char *argv[]) (function) of file frisys_mol.cpp is not documented.
/home/travis/build/sgreene8/FRIES/FRIES_bin/obs_repl_mol.cpp:27: warning: Member main(int argc, char *argv[]) (function) of file obs_repl_mol.cpp is not documented.
/home/travis/build/sgreene8/FRIES/FRIES_bin/observables_mol.cpp:32: warning: Member main(int argc, char *argv[]) (function) of file observables_mol.cpp is not documented.
/home/travis/build/sgreene8/FRIES/FRIES_bin/subsp_mol.cpp:35: warning: Member main(int argc, char *argv[]) (function) of file subsp_mol.cpp is not documented.
/home/travis/build/sgreene8/FRIES/FRIES_bin/subspfull_mol.cpp:32: warning: Member main(int argc, char *argv[]) (function) of file subspfull_mol.cpp is not documented.
/home/travis/build/sgreene8/FRIES/FRIES/Ext_Libs/cnpy/README.md:30: warning: explicit link request to 'include' could not be resolved
/home/travis/build/sgreene8/FRIES/FRIES/vec_utils.hpp:87: warning: Member size() const (function) of class Adder is not documented.
/home/travis/build/sgreene8/FRIES/FRIES/vec_utils.hpp:91: warning: Member get_add_result(size_t row, size_t col, double *weight) const (function) of class Adder is not documented.
/home/travis/build/sgreene8/FRIES/FRIES/vec_utils.hpp:58: warning: The following parameters of Adder::Adder(size_t size, int n_procs, uint8_t n_bits) are not documented:
  parameter 'n_bits'
/home/travis/build/sgreene8/FRIES/FRIES/vec_utils.hpp:85: warning: The following parameters of Adder::add(uint8_t *idx, uint8_t idx_bits, el_type val, int proc_idx, uint8_t ini_flag) are not documented:
  parameter 'proc_idx'
/home/travis/build/sgreene8/FRIES/FRIES/vec_utils.hpp:177: warning: Member DistVec(size_t size, Adder< el_type > *adder, uint8_t n_bits, unsigned int n_elec, std::function< double(const uint8_t *)> diag_fxn, uint8_t n_vecs, std::vector< uint32_t > rns_common, std::vector< uint32_t > rns_distinct) (function) of class DistVec is not documented.
/home/travis/build/sgreene8/FRIES/FRIES/vec_utils.hpp:197: warning: Member DistVec(size_t size, Adder< el_type > *adder, uint8_t n_bits, unsigned int n_elec, std::vector< uint32_t > rns_common, std::vector< uint32_t > rns_distinct) (function) of class DistVec is not documented.
/home/travis/build/sgreene8/FRIES/FRIES/vec_utils.hpp:219: warning: Member DistVec(size_t size, size_t add_size, uint8_t n_bits, unsigned int n_elec, int n_procs, std::vector< uint32_t > rns_common, std::vector< uint32_t > rns_distinct) (function) of class DistVec is not documented.
/home/travis/build/sgreene8/FRIES/FRIES/vec_utils.hpp:223: warning: Member n_bits() (function) of class DistVec is not documented.
/home/travis/build/sgreene8/FRIES/FRIES/vec_utils.hpp:420: warning: Member add(uint8_t *idx, uint8_t *orbs, el_type val, uint8_t ini_flag) (function) of class DistVec is not documented.
/home/travis/build/sgreene8/FRIES/FRIES/vec_utils.hpp:492: warning: Member set_min_del_idx(size_t idx) (function) of class DistVec is not documented.
/home/travis/build/sgreene8/FRIES/FRIES/vec_utils.hpp:501: warning: Member num_vecs() const (function) of class DistVec is not documented.
/home/travis/build/sgreene8/FRIES/FRIES/vec_utils.hpp:505: warning: Member indices() (function) of class DistVec is not documented.
/home/travis/build/sgreene8/FRIES/FRIES/vec_utils.hpp:514: warning: Member adder_size() const (function) of class DistVec is not documented.
/home/travis/build/sgreene8/FRIES/FRIES/vec_utils.hpp:528: warning: Member tot_sgn_coh() const (function) of class DistVec is not documented.
/home/travis/build/sgreene8/FRIES/FRIES/vec_utils.hpp:587: warning: Member curr_vec_idx() const (function) of class DistVec is not documented.
/home/travis/build/sgreene8/FRIES/FRIES/vec_utils.hpp:647: warning: Member operator()(size_t vec_idx, size_t pos) (function) of class DistVec is not documented.
/home/travis/build/sgreene8/FRIES/FRIES/vec_utils.hpp:660: warning: Member occ_orbs() (function) of class DistVec is not documented.
/home/travis/build/sgreene8/FRIES/FRIES/vec_utils.hpp:166: warning: Member initialize_at_pos(size_t pos, uint8_t *orbs) (function) of class DistVec is not documented.
/home/travis/build/sgreene8/FRIES/FRIES/ndarr.hpp:157: warning: The following parameters of FourDArr::FourDArr(size_t len1, size_t len2, size_t len3, size_t len4) are not documented:
  parameter 'len2'
  parameter 'len3'
  parameter 'len4'
/home/travis/build/sgreene8/FRIES/FRIES/det_hash.hpp:160: warning: The following parameters of HashTable::hash_fxn(uint8_t *occ_orbs, unsigned int n_elec, uint8_t *phonon_nums, unsigned int n_phonon) are not documented:
  parameter 'phonon_nums'
  parameter 'n_phonon'
/home/travis/build/sgreene8/FRIES/FRIES/Hamiltonians/heat_bathPP.hpp:265: warning: Member HBCompress(size_t length) (function) of class HBCompress is not documented.
/home/travis/build/sgreene8/FRIES/FRIES/Hamiltonians/heat_bathPP.hpp:263: warning: Member group_sizes (variable) of class HBCompress is not documented.
/home/travis/build/sgreene8/FRIES/FRIES/Hamiltonians/heat_bathPP.hpp:307: warning: Member HBCompressPiv(size_t length, size_t n_subwt) (function) of class HBCompressPiv is not documented.
/home/travis/build/sgreene8/FRIES/FRIES/Hamiltonians/heat_bathPP.hpp:265: warning: Member HBCompress(size_t length) (function) of class HBCompress is not documented.
/home/travis/build/sgreene8/FRIES/FRIES/Hamiltonians/heat_bathPP.hpp:303: warning: Member long_vec (variable) of class HBCompressPiv is not documented.
/home/travis/build/sgreene8/FRIES/FRIES/Hamiltonians/heat_bathPP.hpp:263: warning: Member group_sizes (variable) of class HBCompress is not documented.
/home/travis/build/sgreene8/FRIES/FRIES/Hamiltonians/heat_bathPP.hpp:288: warning: Member HBCompressSys(size_t length, size_t n_subwt) (function) of class HBCompressSys is not documented.
/home/travis/build/sgreene8/FRIES/FRIES/Hamiltonians/heat_bathPP.hpp:265: warning: Member HBCompress(size_t length) (function) of class HBCompress is not documented.
/home/travis/build/sgreene8/FRIES/FRIES/Hamiltonians/heat_bathPP.hpp:263: warning: Member group_sizes (variable) of class HBCompress is not documented.
/home/travis/build/sgreene8/FRIES/FRIES/hh_vec.hpp:249: warning: Member initialize_at_pos(size_t pos, uint8_t *orbs) override (function) of class HubHolVec is not documented.
/home/travis/build/sgreene8/FRIES/FRIES/hh_vec.hpp:256: warning: Member matr_el_at_pos(size_t pos) (function) of class HubHolVec is not documented.
/home/travis/build/sgreene8/FRIES/FRIES/vec_utils.hpp:177: warning: Member DistVec(size_t size, Adder< el_type > *adder, uint8_t n_bits, unsigned int n_elec, std::function< double(const uint8_t *)> diag_fxn, uint8_t n_vecs, std::vector< uint32_t > rns_common, std::vector< uint32_t > rns_distinct) (function) of class DistVec is not documented.
/home/travis/build/sgreene8/FRIES/FRIES/vec_utils.hpp:197: warning: Member DistVec(size_t size, Adder< el_type > *adder, uint8_t n_bits, unsigned int n_elec, std::vector< uint32_t > rns_common, std::vector< uint32_t > rns_distinct) (function) of class DistVec is not documented.
/home/travis/build/sgreene8/FRIES/FRIES/vec_utils.hpp:219: warning: Member DistVec(size_t size, size_t add_size, uint8_t n_bits, unsigned int n_elec, int n_procs, std::vector< uint32_t > rns_common, std::vector< uint32_t > rns_distinct) (function) of class DistVec is not documented.
/home/travis/build/sgreene8/FRIES/FRIES/vec_utils.hpp:223: warning: Member n_bits() (function) of class DistVec is not documented.
/home/travis/build/sgreene8/FRIES/FRIES/vec_utils.hpp:420: warning: Member add(uint8_t *idx, uint8_t *orbs, el_type val, uint8_t ini_flag) (function) of class DistVec is not documented.
/home/travis/build/sgreene8/FRIES/FRIES/vec_utils.hpp:492: warning: Member set_min_del_idx(size_t idx) (function) of class DistVec is not documented.
/home/travis/build/sgreene8/FRIES/FRIES/vec_utils.hpp:501: warning: Member num_vecs() const (function) of class DistVec is not documented.
/home/travis/build/sgreene8/FRIES/FRIES/vec_utils.hpp:505: warning: Member indices() (function) of class DistVec is not documented.
/home/travis/build/sgreene8/FRIES/FRIES/vec_utils.hpp:514: warning: Member adder_size() const (function) of class DistVec is not documented.
/home/travis/build/sgreene8/FRIES/FRIES/vec_utils.hpp:528: warning: Member tot_sgn_coh() const (function) of class DistVec is not documented.
/home/travis/build/sgreene8/FRIES/FRIES/vec_utils.hpp:587: warning: Member curr_vec_idx() const (function) of class DistVec is not documented.
/home/travis/build/sgreene8/FRIES/FRIES/vec_utils.hpp:647: warning: Member operator()(size_t vec_idx, size_t pos) (function) of class DistVec is not documented.
/home/travis/build/sgreene8/FRIES/FRIES/vec_utils.hpp:660: warning: Member occ_orbs() (function) of class DistVec is not documented.
/home/travis/build/sgreene8/FRIES/FRIES/hh_vec.hpp:26: warning: The following parameters of HubHolVec::HubHolVec(size_t size, size_t add_size, uint8_t n_sites, uint8_t max_ph, unsigned int n_elec, int n_procs, std::function< double(const uint8_t *)> diag_fxn, uint8_t n_vecs, std::vector< uint32_t > rns_common, std::vector< uint32_t > rns_distinct) are not documented:
  parameter 'diag_fxn'
  parameter 'n_vecs'
  parameter 'rns_common'
  parameter 'rns_distinct'
/home/travis/build/sgreene8/FRIES/FRIES/hh_vec.hpp:75: warning: The following parameters of HubHolVec::idx_to_hash(uint8_t *idx, uint8_t *orbs) are not documented:
  parameter 'orbs'
/home/travis/build/sgreene8/FRIES/FRIES/ndarr.hpp:141: warning: Member copy_from(Matrix< mat_type > &mat) (function) of class Matrix is not documented.
/home/travis/build/sgreene8/FRIES/FRIES/ndarr.hpp:24: warning: Member RowReference(Matrix< mat_type > &mat, size_t row) (function) of class Matrix::RowReference is not documented.
/home/travis/build/sgreene8/FRIES/FRIES/ndarr.hpp:26: warning: Member operator[](size_t idx) (function) of class Matrix::RowReference is not documented.
/home/travis/build/sgreene8/FRIES/FRIES/ndarr.hpp:243: warning: Member Matrix(size_t rows, size_t cols) (function) of class Matrix< bool > is not documented.
/home/travis/build/sgreene8/FRIES/FRIES/ndarr.hpp:246: warning: Member operator()(size_t row, size_t col) (function) of class Matrix< bool > is not documented.
/home/travis/build/sgreene8/FRIES/FRIES/ndarr.hpp:278: warning: Member RowReference(Matrix< bool > &mat, size_t row) (function) of class Matrix< bool >::RowReference is not documented.
/home/travis/build/sgreene8/FRIES/FRIES/ndarr.hpp:280: warning: Member RowReference(Matrix< uint8_t > *mat, size_t row) (function) of class Matrix< bool >::RowReference is not documented.
/home/travis/build/sgreene8/FRIES/FRIES/ndarr.hpp:282: warning: Member operator[](size_t idx) (function) of class Matrix< bool >::RowReference is not documented.
/home/travis/build/sgreene8/FRIES/FRIES_bin/fciqmc_fp_mol.cpp:40: warning: Member CONSTRUCTOR(MyArgs) (function) of class MyArgs is not documented.
/home/travis/build/sgreene8/FRIES/FRIES_bin/fciqmc_mol.cpp:34: warning: Member CONSTRUCTOR(MyArgs) (function) of class MyArgs is not documented.
/home/travis/build/sgreene8/FRIES/FRIES_bin/frifull_hh.cpp:28: warning: Member CONSTRUCTOR(MyArgs) (function) of class MyArgs is not documented.
/home/travis/build/sgreene8/FRIES/FRIES_bin/frifull_mol.cpp:25: warning: Member CONSTRUCTOR(MyArgs) (function) of class MyArgs is not documented.
/home/travis/build/sgreene8/FRIES/FRIES_bin/frimulti_mol.cpp:32: warning: Member CONSTRUCTOR(MyArgs) (function) of class MyArgs is not documented.
/home/travis/build/sgreene8/FRIES/FRIES_bin/frisys_hh.cpp:24: warning: Member CONSTRUCTOR(MyArgs) (function) of class MyArgs is not documented.
/home/travis/build/sgreene8/FRIES/FRIES_bin/frisys_mol.cpp:31: warning: Member CONSTRUCTOR(MyArgs) (function) of class MyArgs is not documented.
/home/travis/build/sgreene8/FRIES/FRIES_bin/obs_repl_mol.cpp:24: warning: Member CONSTRUCTOR(MyArgs) (function) of class MyArgs is not documented.
/home/travis/build/sgreene8/FRIES/FRIES_bin/observables_mol.cpp:29: warning: Member CONSTRUCTOR(MyArgs) (function) of class MyArgs is not documented.
/home/travis/build/sgreene8/FRIES/FRIES_bin/subsp_mol.cpp:32: warning: Member CONSTRUCTOR(MyArgs) (function) of class MyArgs is not documented.
/home/travis/build/sgreene8/FRIES/FRIES_bin/subspfull_mol.cpp:29: warning: Member CONSTRUCTOR(MyArgs) (function) of class MyArgs is not documented.
/home/travis/build/sgreene8/FRIES/FRIES/Ext_Libs/argparse.hpp:228: warning: Member Args(int argc, char *argv[]) (function) of class argparse::Args is not documented.
/home/travis/build/sgreene8/FRIES/FRIES/Ext_Libs/argparse.hpp:269: warning: Member arg(const std::string &help) (function) of class argparse::Args is not documented.
/home/travis/build/sgreene8/FRIES/FRIES/Ext_Libs/argparse.hpp:285: warning: Member kwarg(const std::string &key, const std::string &help, const std::optional< std::string > &implicit_value=std::nullopt) (function) of class argparse::Args is not documented.
/home/travis/build/sgreene8/FRIES/FRIES/Ext_Libs/argparse.hpp:304: warning: Member flag(const std::string &key, const std::string &help) (function) of class argparse::Args is not documented.
/home/travis/build/sgreene8/FRIES/FRIES/Ext_Libs/argparse.hpp:312: warning: Member help() const (function) of class argparse::Args is not documented.
/home/travis/build/sgreene8/FRIES/FRIES/Ext_Libs/argparse.hpp:334: warning: Member validate() const (function) of class argparse::Args is not documented.
/home/travis/build/sgreene8/FRIES/FRIES/Ext_Libs/argparse.hpp:351: warning: Member print() const (function) of class argparse::Args is not documented.
/home/travis/build/sgreene8/FRIES/FRIES_bin/fciqmc_fp_mol.cpp:29: warning: Member hf_path (variable) of class MyArgs is not documented.
/home/travis/build/sgreene8/FRIES/FRIES_bin/fciqmc_fp_mol.cpp:30: warning: Member target_walkers (variable) of class MyArgs is not documented.
/home/travis/build/sgreene8/FRIES/FRIES_bin/fciqmc_fp_mol.cpp:31: warning: Member dist_str (variable) of class MyArgs is not documented.
/home/travis/build/sgreene8/FRIES/FRIES_bin/fciqmc_fp_mol.cpp:32: warning: Member result_dir (variable) of class MyArgs is not documented.
/home/travis/build/sgreene8/FRIES/FRIES_bin/fciqmc_fp_mol.cpp:33: warning: Member max_n_dets (variable) of class MyArgs is not documented.
/home/travis/build/sgreene8/FRIES/FRIES_bin/fciqmc_fp_mol.cpp:34: warning: Member init_thresh (variable) of class MyArgs is not documented.
/home/travis/build/sgreene8/FRIES/FRIES_bin/fciqmc_fp_mol.cpp:35: warning: Member load_dir (variable) of class MyArgs is not documented.
/home/travis/build/sgreene8/FRIES/FRIES_bin/fciqmc_fp_mol.cpp:36: warning: Member ini_path (variable) of class MyArgs is not documented.
/home/travis/build/sgreene8/FRIES/FRIES_bin/fciqmc_fp_mol.cpp:37: warning: Member trial_path (variable) of class MyArgs is not documented.
/home/travis/build/sgreene8/FRIES/FRIES_bin/fciqmc_fp_mol.cpp:38: warning: Member max_iter (variable) of class MyArgs is not documented.
/home/travis/build/sgreene8/FRIES/FRIES_bin/frifull_hh.cpp:19: warning: Member params_path (variable) of class MyArgs is not documented.
/home/travis/build/sgreene8/FRIES/FRIES_bin/frifull_hh.cpp:20: warning: Member target_nonz (variable) of class MyArgs is not documented.
/home/travis/build/sgreene8/FRIES/FRIES_bin/frifull_hh.cpp:24: warning: Member init_thresh (variable) of class MyArgs is not documented.
/home/travis/build/sgreene8/FRIES/FRIES_bin/frifull_hh.cpp:25: warning: Member target_norm (variable) of class MyArgs is not documented.
/home/travis/build/sgreene8/FRIES/FRIES_bin/frimulti_mol.cpp:22: warning: Member matr_samp (variable) of class MyArgs is not documented.
/home/travis/build/sgreene8/FRIES/FRIES_bin/frimulti_mol.cpp:29: warning: Member determ_path (variable) of class MyArgs is not documented.
/home/travis/build/sgreene8/FRIES/FRIES_bin/frimulti_mol.cpp:30: warning: Member pt_weight (variable) of class MyArgs is not documented.
/home/travis/build/sgreene8/FRIES/FRIES_bin/obs_repl_mol.cpp:22: warning: Member obs_des (variable) of class MyArgs is not documented.
/home/travis/build/sgreene8/FRIES/FRIES_bin/obs_repl_mol.cpp:23: warning: Member obs_cre (variable) of class MyArgs is not documented.
/home/travis/build/sgreene8/FRIES/FRIES_bin/observables_mol.cpp:22: warning: Member burn_in (variable) of class MyArgs is not documented.
/home/travis/build/sgreene8/FRIES/FRIES_bin/observables_mol.cpp:23: warning: Member n_obs (variable) of class MyArgs is not documented.
/home/travis/build/sgreene8/FRIES/FRIES_bin/observables_mol.cpp:24: warning: Member btw_obs (variable) of class MyArgs is not documented.
/home/travis/build/sgreene8/FRIES/FRIES_bin/observables_mol.cpp:27: warning: Member exponent (variable) of class MyArgs is not documented.
/home/travis/build/sgreene8/FRIES/FRIES_bin/subsp_mol.cpp:25: warning: Member trial_path (variable) of class MyArgs is not documented.
/home/travis/build/sgreene8/FRIES/FRIES_bin/subsp_mol.cpp:26: warning: Member n_trial (variable) of class MyArgs is not documented.
/home/travis/build/sgreene8/FRIES/FRIES_bin/subsp_mol.cpp:27: warning: Member restart_int (variable) of class MyArgs is not documented.
/home/travis/build/sgreene8/FRIES/FRIES_bin/subsp_mol.cpp:28: warning: Member mat_output (variable) of class MyArgs is not documented.
/home/travis/build/sgreene8/FRIES/FRIES_bin/subspfull_mol.cpp:27: warning: Member normalization_technique (variable) of class MyArgs is not documented.
/home/travis/build/sgreene8/FRIES/FRIES/Ext_Libs/argparse.hpp:221: warning: Member _args (variable) of class argparse::Args is not documented.
/home/travis/build/sgreene8/FRIES/FRIES/Ext_Libs/argparse.hpp:222: warning: Member _flags (variable) of class argparse::Args is not documented.
/home/travis/build/sgreene8/FRIES/FRIES/Ext_Libs/argparse.hpp:223: warning: Member _kwargs (variable) of class argparse::Args is not documented.
/home/travis/build/sgreene8/FRIES/FRIES/Hamiltonians/molecule.hpp:236: warning: Member SymmInfo(uint8_t *symm, uint32_t n_orb) (function) of class SymmInfo is not documented.
/home/travis/build/sgreene8/FRIES/FRIES/Ext_Libs/argparse.hpp:228: warning: Member Args(int argc, char *argv[]) (function) of class argparse::Args is not documented.
/home/travis/build/sgreene8/FRIES/FRIES/Ext_Libs/argparse.hpp:269: warning: Member arg(const std::string &help) (function) of class argparse::Args is not documented.
/home/travis/build/sgreene8/FRIES/FRIES/Ext_Libs/argparse.hpp:285: warning: Member kwarg(const std::string &key, const std::string &help, const std::optional< std::string > &implicit_value=std::nullopt) (function) of class argparse::Args is not documented.
/home/travis/build/sgreene8/FRIES/FRIES/Ext_Libs/argparse.hpp:304: warning: Member flag(const std::string &key, const std::string &help) (function) of class argparse::Args is not documented.
/home/travis/build/sgreene8/FRIES/FRIES/Ext_Libs/argparse.hpp:312: warning: Member help() const (function) of class argparse::Args is not documented.
/home/travis/build/sgreene8/FRIES/FRIES/Ext_Libs/argparse.hpp:334: warning: Member validate() const (function) of class argparse::Args is not documented.
/home/travis/build/sgreene8/FRIES/FRIES/Ext_Libs/argparse.hpp:351: warning: Member print() const (function) of class argparse::Args is not documented.
/home/travis/build/sgreene8/FRIES/FRIES/Ext_Libs/argparse.hpp:221: warning: Member _args (variable) of class argparse::Args is not documented.
/home/travis/build/sgreene8/FRIES/FRIES/Ext_Libs/argparse.hpp:222: warning: Member _flags (variable) of class argparse::Args is not documented.
/home/travis/build/sgreene8/FRIES/FRIES/Ext_Libs/argparse.hpp:223: warning: Member _kwargs (variable) of class argparse::Args is not documented.
/home/travis/build/sgreene8/FRIES/FRIES/Ext_Libs/argparse.hpp:139: warning: Member ARG_TYPE (enumeration) of class argparse::Entry is not documented.
/home/travis/build/sgreene8/FRIES/FRIES/Ext_Libs/argparse.hpp:148: warning: Member Entry(ARG_TYPE type, const std::string &key, std::string help, std::optional< std::string > implicit_value=std::nullopt) (function) of class argparse::Entry is not documented.
/home/travis/build/sgreene8/FRIES/FRIES/Ext_Libs/argparse.hpp:155: warning: Member find(const T &collection) const -> decltype(collection.end()) (function) of class argparse::Entry is not documented.
/home/travis/build/sgreene8/FRIES/FRIES/Ext_Libs/argparse.hpp:165: warning: Member get_keys() const (function) of class argparse::Entry is not documented.
/home/travis/build/sgreene8/FRIES/FRIES/Ext_Libs/argparse.hpp:172: warning: Member set_default(const T &default_value) (function) of class argparse::Entry is not documented.
/home/travis/build/sgreene8/FRIES/FRIES/Ext_Libs/argparse.hpp:178: warning: Member operator T() (function) of class argparse::Entry is not documented.
/home/travis/build/sgreene8/FRIES/FRIES/Ext_Libs/argparse.hpp:182: warning: Member operator T() (function) of class argparse::Entry is not documented.
/home/travis/build/sgreene8/FRIES/FRIES/Ext_Libs/argparse.hpp:139: warning: Member type (variable) of class argparse::Entry is not documented.
/home/travis/build/sgreene8/FRIES/FRIES/Ext_Libs/argparse.hpp:140: warning: Member keys (variable) of class argparse::Entry is not documented.
/home/travis/build/sgreene8/FRIES/FRIES/Ext_Libs/argparse.hpp:141: warning: Member help (variable) of class argparse::Entry is not documented.
/home/travis/build/sgreene8/FRIES/FRIES/Ext_Libs/argparse.hpp:142: warning: Member value (variable) of class argparse::Entry is not documented.
/home/travis/build/sgreene8/FRIES/FRIES/Ext_Libs/argparse.hpp:143: warning: Member implicit_value (variable) of class argparse::Entry is not documented.
/home/travis/build/sgreene8/FRIES/FRIES/Ext_Libs/argparse.hpp:144: warning: Member default_str (variable) of class argparse::Entry is not documented.
/home/travis/build/sgreene8/FRIES/FRIES/Ext_Libs/argparse.hpp:146: warning: Member error (variable) of class argparse::Entry is not documented.
/home/travis/build/sgreene8/FRIES/FRIES/Ext_Libs/cnpy/cnpy.h:25: warning: Member NpyArray(const std::vector< size_t > &_shape, size_t _word_size, bool _fortran_order) (function) of class cnpy::NpyArray is not documented.
/home/travis/build/sgreene8/FRIES/FRIES/Ext_Libs/cnpy/cnpy.h:37: warning: Member data() (function) of class cnpy::NpyArray is not documented.
/home/travis/build/sgreene8/FRIES/FRIES/Ext_Libs/cnpy/cnpy.h:42: warning: Member data() const (function) of class cnpy::NpyArray is not documented.
/home/travis/build/sgreene8/FRIES/FRIES/Ext_Libs/cnpy/cnpy.h:47: warning: Member as_vec() const (function) of class cnpy::NpyArray is not documented.
/home/travis/build/sgreene8/FRIES/FRIES/Ext_Libs/cnpy/cnpy.h:52: warning: Member num_bytes() const (function) of class cnpy::NpyArray is not documented.
/home/travis/build/sgreene8/FRIES/FRIES/Ext_Libs/cnpy/cnpy.h:56: warning: Member data_holder (variable) of class cnpy::NpyArray is not documented.
/home/travis/build/sgreene8/FRIES/FRIES/Ext_Libs/cnpy/cnpy.h:57: warning: Member shape (variable) of class cnpy::NpyArray is not documented.
/home/travis/build/sgreene8/FRIES/FRIES/Ext_Libs/cnpy/cnpy.h:58: warning: Member word_size (variable) of class cnpy::NpyArray is not documented.
/home/travis/build/sgreene8/FRIES/FRIES/Ext_Libs/cnpy/cnpy.h:59: warning: Member fortran_order (variable) of class cnpy::NpyArray is not documented.
/home/travis/build/sgreene8/FRIES/FRIES/Ext_Libs/cnpy/cnpy.h:60: warning: Member num_vals (variable) of class cnpy::NpyArray is not documented.
/home/travis/build/sgreene8/FRIES/FRIES/Ext_Libs/argparse.hpp:49: warning: Member value_type (typedef) of class std::optional is not documented.
/home/travis/build/sgreene8/FRIES/FRIES/Ext_Libs/argparse.hpp:52: warning: Member optional(const nullopt_t &v) (function) of class std::optional is not documented.
/home/travis/build/sgreene8/FRIES/FRIES/Ext_Libs/argparse.hpp:53: warning: Member optional(const T &value) (function) of class std::optional is not documented.
/home/travis/build/sgreene8/FRIES/FRIES/Ext_Libs/argparse.hpp:54: warning: Member optional(const char *value) (function) of class std::optional is not documented.
/home/travis/build/sgreene8/FRIES/FRIES/Ext_Libs/argparse.hpp:55: warning: Member operator*() const (function) of class std::optional is not documented.
/home/travis/build/sgreene8/FRIES/FRIES/Ext_Libs/argparse.hpp:56: warning: Member has_value() const (function) of class std::optional is not documented.
/home/travis/build/sgreene8/FRIES/FRIES/Ext_Libs/argparse.hpp:57: warning: Member value_or(const T &_or) const (function) of class std::optional is not documented.
/home/travis/build/sgreene8/FRIES/FRIES/Ext_Libs/argparse.hpp:48: warning: Member _value (variable) of class std::optional is not documented.
ull_mol.cpp...
Generating docs for file /home/travis/build/sgreene8/FRIES/FRIES_bin/frimulti_mol.cpp...
Generating docs for file /home/travis/build/sgreene8/FRIES/FRIES_bin/frisys_hh.cpp...
Generating docs for file /home/travis/build/sgreene8/FRIES/FRIES_bin/frisys_mol.cpp...
Generating docs for file /home/travis/build/sgreene8/FRIES/FRIES_bin/obs_repl_mol.cpp...
Generating docs for file /home/travis/build/sgreene8/FRIES/FRIES_bin/observables_mol.cpp...
Generating docs for file /home/travis/build/sgreene8/FRIES/FRIES_bin/subsp_mol.cpp...
Generating docs for file /home/travis/build/sgreene8/FRIES/FRIES_bin/subspfull_mol.cpp...
Generating page documentation...
Generating docs for page installation...
Generating docs for page running...
Generating docs for page autotoc_md0...
Generating group documentation...
Generating class documentation...
Generating docs for compound Adder...
Generating docs for compound DistVec...
Generating docs for compound FourDArr...
Generating docs for compound HashTable...
Generating docs for compound hb_info...
Generating docs for compound HBCompress...
Generating docs for compound HBCompressPiv...
Generating docs for compound HBCompressSys...
Generating docs for compound hf_input...
Generating docs for compound hh_input...
Generating docs for compound HubHolVec...
Generating docs for compound Matrix...
Generating docs for nested compound Matrix::RowReference...
Generating docs for compound Matrix< bool >...
Generating docs for nested compound Matrix< bool >::RowReference...
Generating docs for compound MyArgs...
Generating docs for compound orb_pair...
Generating docs for compound SymmInfo...
Generating namespace index...
Generating docs for compound argparse::Args...
Generating docs for compound argparse::Entry...
Generating docs for compound argparse::is_optional...
Generating docs for compound argparse::is_optional< std::optional< T > >...
Generating docs for compound argparse::is_shared_ptr...
Generating docs for compound argparse::is_shared_ptr< std::shared_ptr< T > >...
Generating docs for compound argparse::is_vector...
Generating docs for compound argparse::is_vector< std::vector< T, A > >...
Generating docs for compound cnpy::NpyArray...
Generating docs for compound std::nullopt_t...
Generating docs for compound std::optional...
Generating graph info page...
Generating directory documentation...
Generating index page...
Generating page index...
Generating module index...
Generating namespace index...
Generating namespace member index...
Generating annotated compound index...
Generating alphabetical compound index...
Generating hierarchical class index...
Generating member index...
Generating file index...
Generating file member index...
Generating example index...
finalizing index lists...
writing tag file...
lookup cache used 598/65536 hits=4950 misses=627
finished...
